<?xml version="1.0" encoding="UTF-8"?>
<testng-results skipped="0" failed="0" ignored="0" total="4" passed="4">
  <reporter-output>
  </reporter-output>
  <suite name="TestSuite" duration-ms="158982" started-at="2020-03-30T12:07:01Z" finished-at="2020-03-30T12:09:40Z">
    <groups>
    </groups>
    <test name="ChromeTest" duration-ms="73740" started-at="2020-03-30T12:07:01Z" finished-at="2020-03-30T12:08:14Z">
      <class name="goJek_Automation.Automation">
        <test-method status="PASS" signature="excel_cal()[pri:0, instance:goJek_Automation.Automation@4ec6a292]" name="excel_cal" is-config="true" duration-ms="331" started-at="2020-03-30T17:37:01Z" finished-at="2020-03-30T17:37:01Z">
          <reporter-output>
          </reporter-output>
        </test-method> <!-- excel_cal -->
        <test-method status="PASS" signature="webDriverLaunch(java.lang.String)[pri:0, instance:goJek_Automation.Automation@4ec6a292]" name="webDriverLaunch" is-config="true" duration-ms="6055" started-at="2020-03-30T17:37:01Z" finished-at="2020-03-30T17:37:07Z">
          <params>
            <param index="0">
              <value>
                <![CDATA[Chrome]]>
              </value>
            </param>
          </params>
          <reporter-output>
          </reporter-output>
        </test-method> <!-- webDriverLaunch -->
        <test-method status="PASS" signature="PaymentSuccessful()[pri:0, instance:goJek_Automation.Automation@4ec6a292]" name="PaymentSuccessful" duration-ms="31630" started-at="2020-03-30T17:37:07Z" finished-at="2020-03-30T17:37:39Z">
          <reporter-output>
          </reporter-output>
        </test-method> <!-- PaymentSuccessful -->
        <test-method status="PASS" signature="webDriverTearDown(java.lang.String)[pri:0, instance:goJek_Automation.Automation@4ec6a292]" name="webDriverTearDown" is-config="true" duration-ms="172" started-at="2020-03-30T17:37:39Z" finished-at="2020-03-30T17:37:39Z">
          <params>
            <param index="0">
              <value>
                <![CDATA[Chrome]]>
              </value>
            </param>
          </params>
          <reporter-output>
          </reporter-output>
        </test-method> <!-- webDriverTearDown -->
        <test-method status="PASS" signature="webDriverLaunch(java.lang.String)[pri:0, instance:goJek_Automation.Automation@4ec6a292]" name="webDriverLaunch" is-config="true" duration-ms="4624" started-at="2020-03-30T17:37:39Z" finished-at="2020-03-30T17:37:43Z">
          <params>
            <param index="0">
              <value>
                <![CDATA[Chrome]]>
              </value>
            </param>
          </params>
          <reporter-output>
          </reporter-output>
        </test-method> <!-- webDriverLaunch -->
        <test-method status="PASS" signature="PaymentFailed()[pri:1, instance:goJek_Automation.Automation@4ec6a292]" name="PaymentFailed" duration-ms="30792" started-at="2020-03-30T17:37:43Z" finished-at="2020-03-30T17:38:14Z">
          <reporter-output>
          </reporter-output>
        </test-method> <!-- PaymentFailed -->
        <test-method status="PASS" signature="webDriverTearDown(java.lang.String)[pri:0, instance:goJek_Automation.Automation@4ec6a292]" name="webDriverTearDown" is-config="true" duration-ms="126" started-at="2020-03-30T17:38:14Z" finished-at="2020-03-30T17:38:14Z">
          <params>
            <param index="0">
              <value>
                <![CDATA[Chrome]]>
              </value>
            </param>
          </params>
          <reporter-output>
          </reporter-output>
        </test-method> <!-- webDriverTearDown -->
      </class> <!-- goJek_Automation.Automation -->
    </test> <!-- ChromeTest -->
    <test name="FirefoxTest" duration-ms="84132" started-at="2020-03-30T12:08:15Z" finished-at="2020-03-30T12:09:40Z">
      <class name="goJek_Automation.Automation">
        <test-method status="PASS" signature="excel_cal()[pri:0, instance:goJek_Automation.Automation@7dc36524]" name="excel_cal" is-config="true" duration-ms="17" started-at="2020-03-30T17:38:15Z" finished-at="2020-03-30T17:38:16Z">
          <reporter-output>
          </reporter-output>
        </test-method> <!-- excel_cal -->
        <test-method status="PASS" signature="webDriverLaunch(java.lang.String)[pri:0, instance:goJek_Automation.Automation@7dc36524]" name="webDriverLaunch" is-config="true" duration-ms="6921" started-at="2020-03-30T17:38:16Z" finished-at="2020-03-30T17:38:22Z">
          <params>
            <param index="0">
              <value>
                <![CDATA[Firefox]]>
              </value>
            </param>
          </params>
          <reporter-output>
          </reporter-output>
        </test-method> <!-- webDriverLaunch -->
        <test-method status="PASS" signature="PaymentSuccessful()[pri:0, instance:goJek_Automation.Automation@7dc36524]" name="PaymentSuccessful" duration-ms="30024" started-at="2020-03-30T17:38:22Z" finished-at="2020-03-30T17:38:52Z">
          <reporter-output>
          </reporter-output>
        </test-method> <!-- PaymentSuccessful -->
        <test-method status="PASS" signature="webDriverTearDown(java.lang.String)[pri:0, instance:goJek_Automation.Automation@7dc36524]" name="webDriverTearDown" is-config="true" duration-ms="2537" started-at="2020-03-30T17:38:52Z" finished-at="2020-03-30T17:38:55Z">
          <params>
            <param index="0">
              <value>
                <![CDATA[Firefox]]>
              </value>
            </param>
          </params>
          <reporter-output>
          </reporter-output>
        </test-method> <!-- webDriverTearDown -->
        <test-method status="PASS" signature="webDriverLaunch(java.lang.String)[pri:0, instance:goJek_Automation.Automation@7dc36524]" name="webDriverLaunch" is-config="true" duration-ms="10030" started-at="2020-03-30T17:38:55Z" finished-at="2020-03-30T17:39:05Z">
          <params>
            <param index="0">
              <value>
                <![CDATA[Firefox]]>
              </value>
            </param>
          </params>
          <reporter-output>
          </reporter-output>
        </test-method> <!-- webDriverLaunch -->
        <test-method status="PASS" signature="PaymentFailed()[pri:1, instance:goJek_Automation.Automation@7dc36524]" name="PaymentFailed" duration-ms="31017" started-at="2020-03-30T17:39:05Z" finished-at="2020-03-30T17:39:36Z">
          <reporter-output>
          </reporter-output>
        </test-method> <!-- PaymentFailed -->
        <test-method status="PASS" signature="webDriverTearDown(java.lang.String)[pri:0, instance:goJek_Automation.Automation@7dc36524]" name="webDriverTearDown" is-config="true" duration-ms="3586" started-at="2020-03-30T17:39:36Z" finished-at="2020-03-30T17:39:40Z">
          <params>
            <param index="0">
              <value>
                <![CDATA[Firefox]]>
              </value>
            </param>
          </params>
          <reporter-output>
          </reporter-output>
        </test-method> <!-- webDriverTearDown -->
      </class> <!-- goJek_Automation.Automation -->
    </test> <!-- FirefoxTest -->
  </suite> <!-- TestSuite -->
</testng-results>
